[INFO] <ReadData> Save 56 raw data to .//tmp//testdata.npy. [TIME: 0.05 sec]
[INFO] <GetDiffProps> Processing Tokens 1/56... [TIME: 3.16 sec]
[INFO] <GetDiffProps> Processing Tokens 2/56... [TIME: 3.55 sec]
[INFO] <GetDiffProps> Processing Tokens 3/56... [TIME: 3.7 sec]
[INFO] <GetDiffProps> Processing Tokens 4/56... [TIME: 3.81 sec]
[INFO] <GetDiffProps> Processing Tokens 5/56... [TIME: 4.01 sec]
[INFO] <GetDiffProps> Processing Tokens 6/56... [TIME: 4.34 sec]
[INFO] <GetDiffProps> Processing Tokens 7/56... [TIME: 4.92 sec]
[INFO] <GetDiffProps> Processing Tokens 8/56... [TIME: 5.49 sec]
[INFO] <GetDiffProps> Processing Tokens 9/56... [TIME: 6.36 sec]
[INFO] <GetDiffProps> Processing Tokens 10/56... [TIME: 9.71 sec]
[INFO] <GetDiffProps> Processing Tokens 11/56... [TIME: 13.58 sec]
[INFO] <GetDiffProps> Processing Tokens 12/56... [TIME: 14.95 sec]
[INFO] <GetDiffProps> Processing Tokens 13/56... [TIME: 16.69 sec]
[INFO] <GetDiffProps> Processing Tokens 14/56... [TIME: 18.18 sec]
[INFO] <GetDiffProps> Processing Tokens 15/56... [TIME: 18.4 sec]
[INFO] <GetDiffProps> Processing Tokens 16/56... [TIME: 18.75 sec]
[INFO] <GetDiffProps> Processing Tokens 17/56... [TIME: 19.08 sec]
[INFO] <GetDiffProps> Processing Tokens 18/56... [TIME: 19.41 sec]
[INFO] <GetDiffProps> Processing Tokens 19/56... [TIME: 22.85 sec]
[INFO] <GetDiffProps> Processing Tokens 20/56... [TIME: 22.97 sec]
[INFO] <GetDiffProps> Processing Tokens 21/56... [TIME: 23.07 sec]
[INFO] <GetDiffProps> Processing Tokens 22/56... [TIME: 23.16 sec]
[INFO] <GetDiffProps> Processing Tokens 23/56... [TIME: 23.99 sec]
[INFO] <GetDiffProps> Processing Tokens 24/56... [TIME: 24.22 sec]
[INFO] <GetDiffProps> Processing Tokens 25/56... [TIME: 25.55 sec]
[INFO] <GetDiffProps> Processing Tokens 26/56... [TIME: 25.98 sec]
[INFO] <GetDiffProps> Processing Tokens 27/56... [TIME: 26.6 sec]
[INFO] <GetDiffProps> Processing Tokens 28/56... [TIME: 29.55 sec]
[INFO] <GetDiffProps> Processing Tokens 29/56... [TIME: 29.98 sec]
[INFO] <GetDiffProps> Processing Tokens 30/56... [TIME: 30.24 sec]
[INFO] <GetDiffProps> Processing Tokens 31/56... [TIME: 30.52 sec]
[INFO] <GetDiffProps> Processing Tokens 32/56... [TIME: 31.09 sec]
[INFO] <GetDiffProps> Processing Tokens 33/56... [TIME: 31.95 sec]
[INFO] <GetDiffProps> Processing Tokens 34/56... [TIME: 33.66 sec]
[INFO] <GetDiffProps> Processing Tokens 35/56... [TIME: 34.1 sec]
[INFO] <GetDiffProps> Processing Tokens 36/56... [TIME: 34.36 sec]
[INFO] <GetDiffProps> Processing Tokens 37/56... [TIME: 34.54 sec]
[INFO] <GetDiffProps> Processing Tokens 38/56... [TIME: 34.91 sec]
[INFO] <GetDiffProps> Processing Tokens 39/56... [TIME: 35.2 sec]
[INFO] <GetDiffProps> Processing Tokens 40/56... [TIME: 37.89 sec]
[INFO] <GetDiffProps> Processing Tokens 41/56... [TIME: 50.02 sec]
[INFO] <GetDiffProps> Processing Tokens 42/56... [TIME: 50.27 sec]
[INFO] <GetDiffProps> Processing Tokens 43/56... [TIME: 52.33 sec]
[INFO] <GetDiffProps> Processing Tokens 44/56... [TIME: 52.93 sec]
[INFO] <GetDiffProps> Processing Tokens 45/56... [TIME: 53.04 sec]
[INFO] <GetDiffProps> Processing Tokens 46/56... [TIME: 53.25 sec]
[INFO] <GetDiffProps> Processing Tokens 47/56... [TIME: 54.7 sec]
[INFO] <GetDiffProps> Processing Tokens 48/56... [TIME: 55.81 sec]
[INFO] <GetDiffProps> Processing Tokens 49/56... [TIME: 60.59 sec]
[INFO] <GetDiffProps> Processing Tokens 50/56... [TIME: 62.38 sec]
[INFO] <GetDiffProps> Processing Tokens 51/56... [TIME: 62.58 sec]
[INFO] <GetDiffProps> Processing Tokens 52/56... [TIME: 62.97 sec]
[INFO] <GetDiffProps> Processing Tokens 53/56... [TIME: 63.1 sec]
[INFO] <GetDiffProps> Processing Tokens 54/56... [TIME: 63.31 sec]
[INFO] <GetDiffProps> Processing Tokens 55/56... [TIME: 63.79 sec]
[INFO] <GetDiffProps> Processing Tokens 56/56... [TIME: 63.98 sec]
[INFO] <GetDiffProps> Save 56 diff property data to .//tmp//testprops.npy. [TIME: 63.99 sec]
[INFO] <ProcessTokens> Delete the comment parts of the diff code. [TIME: 64.01 sec]
[INFO] <AbstractTokens> Abstract the tokens of identifiers with iType 1 (VARn/FUNCn). [TIME: 64.04 sec]
[INFO] <AbstractTokens> Abstract the tokens of literals, and comments with iType 1 (LITERAL/n/COMMENT). [TIME: 64.04 sec]
[INFO] <GetDiffEmbed> Create pre-trained embedding weights with 35575 * 128 matrix. [TIME: 64.37 sec]
[INFO] <DivideBeforeAfter> Divide diff code into BEFORE-version and AFTER-version code. [TIME: 64.38 sec]
[INFO] <DivideBeforeAfter> The max length in BEFORE/AFTER-version code is 2994 tokens. (hyperparameter: _TwinMaxLen_ = 800) [TIME: 64.38 sec]
[INFO] <GetTwinMapping> Create 56 feature data with 800 * 4 matrix. [TIME: 64.42 sec]
[INFO] <GetTwinMapping> Create 56 labels with 1 * 1 matrix. [TIME: 64.42 sec]
[INFO] <UpdateTwinTokenTypes> Update 56 feature data with 800 * 12 matrix. [TIME: 64.45 sec]
[INFO] <GetCommitMsg> Processing Commit 1/56... [TIME: 64.49 sec]
[INFO] <GetCommitMsg> Processing Commit 2/56... [TIME: 64.5 sec]
[INFO] <GetCommitMsg> Processing Commit 3/56... [TIME: 64.52 sec]
[INFO] <GetCommitMsg> Processing Commit 4/56... [TIME: 64.54 sec]
[INFO] <GetCommitMsg> Processing Commit 5/56... [TIME: 64.58 sec]
[INFO] <GetCommitMsg> Processing Commit 6/56... [TIME: 64.58 sec]
[INFO] <GetCommitMsg> Processing Commit 7/56... [TIME: 64.6 sec]
[INFO] <GetCommitMsg> Processing Commit 8/56... [TIME: 64.6 sec]
[INFO] <GetCommitMsg> Processing Commit 9/56... [TIME: 64.62 sec]
[INFO] <GetCommitMsg> Processing Commit 10/56... [TIME: 64.66 sec]
[INFO] <GetCommitMsg> Processing Commit 11/56... [TIME: 64.72 sec]
[INFO] <GetCommitMsg> Processing Commit 12/56... [TIME: 64.79 sec]
[INFO] <GetCommitMsg> Processing Commit 13/56... [TIME: 64.82 sec]
[INFO] <GetCommitMsg> Processing Commit 14/56... [TIME: 64.84 sec]
[INFO] <GetCommitMsg> Processing Commit 15/56... [TIME: 64.84 sec]
[INFO] <GetCommitMsg> Processing Commit 16/56... [TIME: 64.9 sec]
[INFO] <GetCommitMsg> Processing Commit 17/56... [TIME: 64.97 sec]
[INFO] <GetCommitMsg> Processing Commit 18/56... [TIME: 64.98 sec]
[INFO] <GetCommitMsg> Processing Commit 19/56... [TIME: 65.05 sec]
[INFO] <GetCommitMsg> Processing Commit 20/56... [TIME: 65.09 sec]
[INFO] <GetCommitMsg> Processing Commit 21/56... [TIME: 65.1 sec]
[INFO] <GetCommitMsg> Processing Commit 22/56... [TIME: 65.15 sec]
[INFO] <GetCommitMsg> Processing Commit 23/56... [TIME: 65.15 sec]
[INFO] <GetCommitMsg> Processing Commit 24/56... [TIME: 65.19 sec]
[INFO] <GetCommitMsg> Processing Commit 25/56... [TIME: 65.2 sec]
[INFO] <GetCommitMsg> Processing Commit 26/56... [TIME: 65.2 sec]
[INFO] <GetCommitMsg> Processing Commit 27/56... [TIME: 65.21 sec]
[INFO] <GetCommitMsg> Processing Commit 28/56... [TIME: 65.22 sec]
[INFO] <GetCommitMsg> Processing Commit 29/56... [TIME: 65.27 sec]
[INFO] <GetCommitMsg> Processing Commit 30/56... [TIME: 65.27 sec]
[INFO] <GetCommitMsg> Processing Commit 31/56... [TIME: 65.3 sec]
[INFO] <GetCommitMsg> Processing Commit 32/56... [TIME: 65.3 sec]
[INFO] <GetCommitMsg> Processing Commit 33/56... [TIME: 65.32 sec]
[INFO] <GetCommitMsg> Processing Commit 34/56... [TIME: 65.4 sec]
[INFO] <GetCommitMsg> Processing Commit 35/56... [TIME: 65.44 sec]
[INFO] <GetCommitMsg> Processing Commit 36/56... [TIME: 65.47 sec]
[INFO] <GetCommitMsg> Processing Commit 37/56... [TIME: 65.51 sec]
[INFO] <GetCommitMsg> Processing Commit 38/56... [TIME: 65.53 sec]
[INFO] <GetCommitMsg> Processing Commit 39/56... [TIME: 65.59 sec]
[INFO] <GetCommitMsg> Processing Commit 40/56... [TIME: 65.6 sec]
[INFO] <GetCommitMsg> Processing Commit 41/56... [TIME: 65.6 sec]
[INFO] <GetCommitMsg> Processing Commit 42/56... [TIME: 65.65 sec]
[INFO] <GetCommitMsg> Processing Commit 43/56... [TIME: 65.66 sec]
[INFO] <GetCommitMsg> Processing Commit 44/56... [TIME: 65.68 sec]
[INFO] <GetCommitMsg> Processing Commit 45/56... [TIME: 65.74 sec]
[INFO] <GetCommitMsg> Processing Commit 46/56... [TIME: 65.77 sec]
[INFO] <GetCommitMsg> Processing Commit 47/56... [TIME: 65.81 sec]
[INFO] <GetCommitMsg> Processing Commit 48/56... [TIME: 65.81 sec]
[INFO] <GetCommitMsg> Processing Commit 49/56... [TIME: 65.82 sec]
[INFO] <GetCommitMsg> Processing Commit 50/56... [TIME: 65.82 sec]
[INFO] <GetCommitMsg> Processing Commit 51/56... [TIME: 65.82 sec]
[INFO] <GetCommitMsg> Processing Commit 52/56... [TIME: 65.85 sec]
[INFO] <GetCommitMsg> Processing Commit 53/56... [TIME: 65.87 sec]
[INFO] <GetCommitMsg> Processing Commit 54/56... [TIME: 65.87 sec]
[INFO] <GetCommitMsg> Processing Commit 55/56... [TIME: 65.89 sec]
[INFO] <GetCommitMsg> Processing Commit 56/56... [TIME: 65.93 sec]
[INFO] <GetCommitMsg> Save 56 commit messages to .//tmp//testmsgs.npy. [TIME: 65.93 sec]
[INFO] <GetMsgEmbed> Create pre-trained embedding weights with 80831 * 128 matrix. [TIME: 66.69 sec]
[INFO] <GetMsgMapping> Create 56 feature data with 1 * 200 vector. [TIME: 66.7 sec]
[INFO] <GetMsgMapping> Create 56 labels with 1 * 1 matrix. [TIME: 66.7 sec]
[INFO] <CombineTwinMsgs> Combine the twin props with the commit messages. [TIME: 66.7 sec]
[INFO] <demoTwin> Load model parameters with GPU-torch! [TIME: 69.14 sec]
[INFO] <TwinRNNTest> Finish the prediction of test data. [TIME: 70.48 sec]
[INFO] <SaveResults> Save the final results in .//results/results.txt [TIME: 70.48 sec]
